2023-05-11T08:47:44+00:00 CRITICAL Cannot redeclare ashe_playfair_font_url() (previously declared in C:\MAMP\htdocs\CHIC_Dressing\wp-content\themes\chicdressing\functions.php:21) dans C:\MAMP\htdocs\CHIC_Dressing\wp-content\themes\ashe\functions.php à la ligne 234

2023-05-11T08:49:44+00:00 CRITICAL Cannot redeclare ashe_playfair_font_url() (previously declared in C:\MAMP\htdocs\CHIC_Dressing\wp-content\themes\chicdressing\functions.php:21) dans C:\MAMP\htdocs\CHIC_Dressing\wp-content\themes\ashe\functions.php à la ligne 234

2023-05-11T08:51:45+00:00 CRITICAL Cannot redeclare ashe_playfair_font_url() (previously declared in C:\MAMP\htdocs\CHIC_Dressing\wp-content\themes\chicdressing\functions.php:21) dans C:\MAMP\htdocs\CHIC_Dressing\wp-content\themes\ashe\functions.php à la ligne 234

2023-05-11T08:53:45+00:00 CRITICAL Cannot redeclare ashe_playfair_font_url() (previously declared in C:\MAMP\htdocs\CHIC_Dressing\wp-content\themes\chicdressing\functions.php:21) dans C:\MAMP\htdocs\CHIC_Dressing\wp-content\themes\ashe\functions.php à la ligne 234

2023-05-11T08:55:45+00:00 CRITICAL Cannot redeclare ashe_playfair_font_url() (previously declared in C:\MAMP\htdocs\CHIC_Dressing\wp-content\themes\chicdressing\functions.php:21) dans C:\MAMP\htdocs\CHIC_Dressing\wp-content\themes\ashe\functions.php à la ligne 234

2023-05-11T08:56:27+00:00 CRITICAL Cannot redeclare ashe_playfair_font_url() (previously declared in C:\MAMP\htdocs\CHIC_Dressing\wp-content\themes\chicdressing\functions.php:21) dans C:\MAMP\htdocs\CHIC_Dressing\wp-content\themes\ashe\functions.php à la ligne 234

2023-05-11T08:56:46+00:00 CRITICAL Cannot redeclare ashe_playfair_font_url() (previously declared in C:\MAMP\htdocs\CHIC_Dressing\wp-content\themes\chicdressing\functions.php:21) dans C:\MAMP\htdocs\CHIC_Dressing\wp-content\themes\ashe\functions.php à la ligne 234

2023-05-11T08:57:06+00:00 CRITICAL Cannot redeclare ashe_opensans_font_url() (previously declared in C:\MAMP\htdocs\CHIC_Dressing\wp-content\themes\chicdressing\functions.php:23) dans C:\MAMP\htdocs\CHIC_Dressing\wp-content\themes\ashe\functions.php à la ligne 242

2023-05-11T08:57:13+00:00 CRITICAL Cannot redeclare ashe_opensans_font_url() (previously declared in C:\MAMP\htdocs\CHIC_Dressing\wp-content\themes\chicdressing\functions.php:23) dans C:\MAMP\htdocs\CHIC_Dressing\wp-content\themes\ashe\functions.php à la ligne 242

2023-05-11T09:13:22+00:00 CRITICAL syntax error, unexpected 'decharger_scripts_parent' (T_STRING) dans C:\MAMP\htdocs\CHIC_Dressing\wp-content\themes\chicdressing\functions.php à la ligne 11

2023-05-11T09:53:58+00:00 CRITICAL syntax error, unexpected 'ashe_gfonts_scripts' (T_STRING) dans C:\MAMP\htdocs\CHIC_Dressing\wp-content\themes\ashe\functions.php à la ligne 268

2023-05-11T10:54:27+00:00 CRITICAL syntax error, unexpected 'p_enqueue_style' (T_STRING) dans C:\MAMP\htdocs\CHIC_Dressing\wp-content\themes\ashe\functions.php à la ligne 269

2023-05-11T13:11:35+00:00 CRITICAL Uncaught Error: Call to undefined function enqueue_style() in C:\MAMP\htdocs\CHIC_Dressing\wp-content\themes\ashe\functions.php:269
Stack trace:
#0 C:\MAMP\htdocs\CHIC_Dressing\wp-includes\class-wp-hook.php(308): ashe_gfonts_scripts('')
#1 C:\MAMP\htdocs\CHIC_Dressing\wp-includes\class-wp-hook.php(332): WP_Hook->apply_filters(NULL, Array)
#2 C:\MAMP\htdocs\CHIC_Dressing\wp-includes\plugin.php(517): WP_Hook->do_action(Array)
#3 C:\MAMP\htdocs\CHIC_Dressing\wp-includes\script-loader.php(2194): do_action('wp_enqueue_scri...')
#4 C:\MAMP\htdocs\CHIC_Dressing\wp-includes\class-wp-hook.php(308): wp_enqueue_scripts('')
#5 C:\MAMP\htdocs\CHIC_Dressing\wp-includes\class-wp-hook.php(332): WP_Hook->apply_filters(NULL, Array)
#6 C:\MAMP\htdocs\CHIC_Dressing\wp-includes\plugin.php(517): WP_Hook->do_action(Array)
#7 C:\MAMP\htdocs\CHIC_Dressing\wp-includes\general-template.php(3049): do_action('wp_head')
#8 C:\MAMP\htdocs\CHIC_Dressing\wp-content\themes\ashe\header.php(8): wp_head()
#9 C:\MAMP\htdocs\CHIC_Dressing\wp-inclu dans C:\MAMP\htdocs\CHIC_Dressing\wp-content\themes\ashe\functions.php à la ligne 269

